{"numTotalTestSuites":38,"numPassedTestSuites":18,"numFailedTestSuites":20,"numPendingTestSuites":0,"numTotalTests":61,"numPassedTests":43,"numFailedTests":18,"numPendingTests":0,"numTodoTests":0,"snapshot":{"added":0,"failure":false,"filesAdded":0,"filesRemoved":0,"filesRemovedList":[],"filesUnmatched":0,"filesUpdated":0,"matched":0,"total":0,"unchecked":0,"uncheckedKeysByFile":[],"unmatched":0,"updated":0,"didUpdate":false},"startTime":1730673819315,"success":false,"testResults":[{"assertionResults":[{"ancestorTitles":["Project Routes","POST /projects"],"fullName":"Project Routes POST /projects Test id: ADPJ01-P, should create new project with valid data","status":"passed","title":"Test id: ADPJ01-P, should create new project with valid data","duration":60.73020000010729,"failureMessages":[],"location":{"line":93,"column":5},"meta":{}},{"ancestorTitles":["Project Routes","POST /projects"],"fullName":"Project Routes POST /projects Test id: ADPJ02-N, should reject project with empty name","status":"failed","title":"Test id: ADPJ02-N, should reject project with empty name","duration":11.091399999335408,"failureMessages":["AssertionError: expected 200 to be 400 // Object.is equality\n    at C:\\Users\\teasw\\Documents\\SAIT\\Capstone\\Capstone-byteBenders\\backend\\tests\\projectRoutes.test.js:134:31\n    at processTicksAndRejections (node:internal/process/task_queues:105:5)\n    at file:///C:/Users/teasw/Documents/SAIT/Capstone/Capstone-byteBenders/backend/node_modules/@vitest/runner/dist/index.js:533:5\n    at runTest (file:///C:/Users/teasw/Documents/SAIT/Capstone/Capstone-byteBenders/backend/node_modules/@vitest/runner/dist/index.js:1048:11)\n    at runSuite (file:///C:/Users/teasw/Documents/SAIT/Capstone/Capstone-byteBenders/backend/node_modules/@vitest/runner/dist/index.js:1204:15)\n    at runSuite (file:///C:/Users/teasw/Documents/SAIT/Capstone/Capstone-byteBenders/backend/node_modules/@vitest/runner/dist/index.js:1204:15)\n    at runSuite (file:///C:/Users/teasw/Documents/SAIT/Capstone/Capstone-byteBenders/backend/node_modules/@vitest/runner/dist/index.js:1204:15)\n    at runFiles (file:///C:/Users/teasw/Documents/SAIT/Capstone/Capstone-byteBenders/backend/node_modules/@vitest/runner/dist/index.js:1261:5)\n    at startTests (file:///C:/Users/teasw/Documents/SAIT/Capstone/Capstone-byteBenders/backend/node_modules/@vitest/runner/dist/index.js:1270:3)\n    at file:///C:/Users/teasw/Documents/SAIT/Capstone/Capstone-byteBenders/backend/node_modules/vitest/dist/chunks/runBaseTests.Dm-659zB.js:126:11"],"location":{"line":117,"column":5},"meta":{}},{"ancestorTitles":["Project Routes","POST /projects"],"fullName":"Project Routes POST /projects Test id: ADPJ03-N, should reject project with duplicate name","status":"failed","title":"Test id: ADPJ03-N, should reject project with duplicate name","duration":7.694299999624491,"failureMessages":["AssertionError: expected 200 to be 400 // Object.is equality\n    at C:\\Users\\teasw\\Documents\\SAIT\\Capstone\\Capstone-byteBenders\\backend\\tests\\projectRoutes.test.js:160:31\n    at processTicksAndRejections (node:internal/process/task_queues:105:5)\n    at file:///C:/Users/teasw/Documents/SAIT/Capstone/Capstone-byteBenders/backend/node_modules/@vitest/runner/dist/index.js:533:5\n    at runTest (file:///C:/Users/teasw/Documents/SAIT/Capstone/Capstone-byteBenders/backend/node_modules/@vitest/runner/dist/index.js:1048:11)\n    at runSuite (file:///C:/Users/teasw/Documents/SAIT/Capstone/Capstone-byteBenders/backend/node_modules/@vitest/runner/dist/index.js:1204:15)\n    at runSuite (file:///C:/Users/teasw/Documents/SAIT/Capstone/Capstone-byteBenders/backend/node_modules/@vitest/runner/dist/index.js:1204:15)\n    at runSuite (file:///C:/Users/teasw/Documents/SAIT/Capstone/Capstone-byteBenders/backend/node_modules/@vitest/runner/dist/index.js:1204:15)\n    at runFiles (file:///C:/Users/teasw/Documents/SAIT/Capstone/Capstone-byteBenders/backend/node_modules/@vitest/runner/dist/index.js:1261:5)\n    at startTests (file:///C:/Users/teasw/Documents/SAIT/Capstone/Capstone-byteBenders/backend/node_modules/@vitest/runner/dist/index.js:1270:3)\n    at file:///C:/Users/teasw/Documents/SAIT/Capstone/Capstone-byteBenders/backend/node_modules/vitest/dist/chunks/runBaseTests.Dm-659zB.js:126:11"],"location":{"line":138,"column":5},"meta":{}},{"ancestorTitles":["Project Routes","POST /projects"],"fullName":"Project Routes POST /projects Test id: ADPJ04-N, should reject project name with special characters","status":"failed","title":"Test id: ADPJ04-N, should reject project name with special characters","duration":6.587999999523163,"failureMessages":["AssertionError: expected 200 to be 400 // Object.is equality\n    at C:\\Users\\teasw\\Documents\\SAIT\\Capstone\\Capstone-byteBenders\\backend\\tests\\projectRoutes.test.js:181:31\n    at processTicksAndRejections (node:internal/process/task_queues:105:5)\n    at file:///C:/Users/teasw/Documents/SAIT/Capstone/Capstone-byteBenders/backend/node_modules/@vitest/runner/dist/index.js:533:5\n    at runTest (file:///C:/Users/teasw/Documents/SAIT/Capstone/Capstone-byteBenders/backend/node_modules/@vitest/runner/dist/index.js:1048:11)\n    at runSuite (file:///C:/Users/teasw/Documents/SAIT/Capstone/Capstone-byteBenders/backend/node_modules/@vitest/runner/dist/index.js:1204:15)\n    at runSuite (file:///C:/Users/teasw/Documents/SAIT/Capstone/Capstone-byteBenders/backend/node_modules/@vitest/runner/dist/index.js:1204:15)\n    at runSuite (file:///C:/Users/teasw/Documents/SAIT/Capstone/Capstone-byteBenders/backend/node_modules/@vitest/runner/dist/index.js:1204:15)\n    at runFiles (file:///C:/Users/teasw/Documents/SAIT/Capstone/Capstone-byteBenders/backend/node_modules/@vitest/runner/dist/index.js:1261:5)\n    at startTests (file:///C:/Users/teasw/Documents/SAIT/Capstone/Capstone-byteBenders/backend/node_modules/@vitest/runner/dist/index.js:1270:3)\n    at file:///C:/Users/teasw/Documents/SAIT/Capstone/Capstone-byteBenders/backend/node_modules/vitest/dist/chunks/runBaseTests.Dm-659zB.js:126:11"],"location":{"line":164,"column":5},"meta":{}},{"ancestorTitles":["Project Routes","POST /projects"],"fullName":"Project Routes POST /projects Test id: ADPJ05-N, should reject project with name exceeding maximum length","status":"failed","title":"Test id: ADPJ05-N, should reject project with name exceeding maximum length","duration":7.655500000342727,"failureMessages":["AssertionError: expected 200 to be 400 // Object.is equality\n    at C:\\Users\\teasw\\Documents\\SAIT\\Capstone\\Capstone-byteBenders\\backend\\tests\\projectRoutes.test.js:203:31\n    at processTicksAndRejections (node:internal/process/task_queues:105:5)\n    at file:///C:/Users/teasw/Documents/SAIT/Capstone/Capstone-byteBenders/backend/node_modules/@vitest/runner/dist/index.js:533:5\n    at runTest (file:///C:/Users/teasw/Documents/SAIT/Capstone/Capstone-byteBenders/backend/node_modules/@vitest/runner/dist/index.js:1048:11)\n    at runSuite (file:///C:/Users/teasw/Documents/SAIT/Capstone/Capstone-byteBenders/backend/node_modules/@vitest/runner/dist/index.js:1204:15)\n    at runSuite (file:///C:/Users/teasw/Documents/SAIT/Capstone/Capstone-byteBenders/backend/node_modules/@vitest/runner/dist/index.js:1204:15)\n    at runSuite (file:///C:/Users/teasw/Documents/SAIT/Capstone/Capstone-byteBenders/backend/node_modules/@vitest/runner/dist/index.js:1204:15)\n    at runFiles (file:///C:/Users/teasw/Documents/SAIT/Capstone/Capstone-byteBenders/backend/node_modules/@vitest/runner/dist/index.js:1261:5)\n    at startTests (file:///C:/Users/teasw/Documents/SAIT/Capstone/Capstone-byteBenders/backend/node_modules/@vitest/runner/dist/index.js:1270:3)\n    at file:///C:/Users/teasw/Documents/SAIT/Capstone/Capstone-byteBenders/backend/node_modules/vitest/dist/chunks/runBaseTests.Dm-659zB.js:126:11"],"location":{"line":185,"column":5},"meta":{}},{"ancestorTitles":["Project Routes","POST /projects"],"fullName":"Project Routes POST /projects Test id: ADPJ06-N, should reject project with past date","status":"failed","title":"Test id: ADPJ06-N, should reject project with past date","duration":5.498999999836087,"failureMessages":["AssertionError: expected 200 to be 400 // Object.is equality\n    at C:\\Users\\teasw\\Documents\\SAIT\\Capstone\\Capstone-byteBenders\\backend\\tests\\projectRoutes.test.js:224:31\n    at processTicksAndRejections (node:internal/process/task_queues:105:5)\n    at file:///C:/Users/teasw/Documents/SAIT/Capstone/Capstone-byteBenders/backend/node_modules/@vitest/runner/dist/index.js:533:5\n    at runTest (file:///C:/Users/teasw/Documents/SAIT/Capstone/Capstone-byteBenders/backend/node_modules/@vitest/runner/dist/index.js:1048:11)\n    at runSuite (file:///C:/Users/teasw/Documents/SAIT/Capstone/Capstone-byteBenders/backend/node_modules/@vitest/runner/dist/index.js:1204:15)\n    at runSuite (file:///C:/Users/teasw/Documents/SAIT/Capstone/Capstone-byteBenders/backend/node_modules/@vitest/runner/dist/index.js:1204:15)\n    at runSuite (file:///C:/Users/teasw/Documents/SAIT/Capstone/Capstone-byteBenders/backend/node_modules/@vitest/runner/dist/index.js:1204:15)\n    at runFiles (file:///C:/Users/teasw/Documents/SAIT/Capstone/Capstone-byteBenders/backend/node_modules/@vitest/runner/dist/index.js:1261:5)\n    at startTests (file:///C:/Users/teasw/Documents/SAIT/Capstone/Capstone-byteBenders/backend/node_modules/@vitest/runner/dist/index.js:1270:3)\n    at file:///C:/Users/teasw/Documents/SAIT/Capstone/Capstone-byteBenders/backend/node_modules/vitest/dist/chunks/runBaseTests.Dm-659zB.js:126:11"],"location":{"line":207,"column":5},"meta":{}},{"ancestorTitles":["Project Routes","GET /projects"],"fullName":"Project Routes GET /projects should return all projects","status":"passed","title":"should return all projects","duration":6.759099999442697,"failureMessages":[],"location":{"line":230,"column":5},"meta":{}},{"ancestorTitles":["Project Routes","GET /projects/:id"],"fullName":"Project Routes GET /projects/:id should return single project by id","status":"failed","title":"should return single project by id","duration":5006.154099998996,"failureMessages":["Error: Test timed out in 5000ms.\nIf this is a long-running test, pass a timeout value as the last argument or configure it globally with \"testTimeout\".\n    at Timeout.<anonymous> (file:///C:/Users/teasw/Documents/SAIT/Capstone/Capstone-byteBenders/backend/node_modules/@vitest/runner/dist/index.js:44:18)\n    at listOnTimeout (node:internal/timers:594:17)\n    at processTimers (node:internal/timers:529:7)"],"location":{"line":240,"column":5},"meta":{}},{"ancestorTitles":["Project Routes","GET /projects/:id"],"fullName":"Project Routes GET /projects/:id should handle project not found","status":"failed","title":"should handle project not found","duration":9.927699999883771,"failureMessages":["Error: promise resolved \"Response{ _events: {}, …(35), …(2) }\" instead of rejecting\n    at Assertion.__VITEST_REJECTS__ (file:///C:/Users/teasw/Documents/SAIT/Capstone/Capstone-byteBenders/backend/node_modules/@vitest/expect/dist/index.js:1758:21)\n    at Assertion.propertyGetter (file:///C:/Users/teasw/Documents/SAIT/Capstone/Capstone-byteBenders/backend/node_modules/chai/chai.js:1485:29)\n    at Reflect.get (<anonymous>)\n    at Object.proxyGetter [as get] (file:///C:/Users/teasw/Documents/SAIT/Capstone/Capstone-byteBenders/backend/node_modules/chai/chai.js:1569:22)\n    at C:\\Users\\teasw\\Documents\\SAIT\\Capstone\\Capstone-byteBenders\\backend\\tests\\projectRoutes.test.js:254:8\n    at file:///C:/Users/teasw/Documents/SAIT/Capstone/Capstone-byteBenders/backend/node_modules/@vitest/runner/dist/index.js:146:14\n    at file:///C:/Users/teasw/Documents/SAIT/Capstone/Capstone-byteBenders/backend/node_modules/@vitest/runner/dist/index.js:533:11\n    at runWithTimeout (file:///C:/Users/teasw/Documents/SAIT/Capstone/Capstone-byteBenders/backend/node_modules/@vitest/runner/dist/index.js:39:7)\n    at runTest (file:///C:/Users/teasw/Documents/SAIT/Capstone/Capstone-byteBenders/backend/node_modules/@vitest/runner/dist/index.js:1048:17)\n    at runSuite (file:///C:/Users/teasw/Documents/SAIT/Capstone/Capstone-byteBenders/backend/node_modules/@vitest/runner/dist/index.js:1204:15)"],"location":{"line":249,"column":5},"meta":{}},{"ancestorTitles":["Project Routes","POST /projects"],"fullName":"Project Routes POST /projects should create new project","status":"passed","title":"should create new project","duration":3.7210999988019466,"failureMessages":[],"location":{"line":259,"column":5},"meta":{}},{"ancestorTitles":["Project Routes","PUT /projects/:id"],"fullName":"Project Routes PUT /projects/:id should update existing project","status":"passed","title":"should update existing project","duration":2.755400000140071,"failureMessages":[],"location":{"line":275,"column":5},"meta":{}},{"ancestorTitles":["Project Routes","PUT /projectsupdate/:id"],"fullName":"Project Routes PUT /projectsupdate/:id should add task ID to project's TaskIdForProject array","status":"passed","title":"should add task ID to project's TaskIdForProject array","duration":3.8555999994277954,"failureMessages":[],"location":{"line":287,"column":5},"meta":{}},{"ancestorTitles":["Project Routes","DELETE /projectstaskdelete/:id"],"fullName":"Project Routes DELETE /projectstaskdelete/:id should remove task ID from project's TaskIdForProject array","status":"passed","title":"should remove task ID from project's TaskIdForProject array","duration":3.313400000333786,"failureMessages":[],"location":{"line":305,"column":5},"meta":{}},{"ancestorTitles":["Project Routes","DELETE /projects/:id"],"fullName":"Project Routes DELETE /projects/:id should delete existing project","status":"passed","title":"should delete existing project","duration":2.5023999996483326,"failureMessages":[],"location":{"line":323,"column":5},"meta":{}},{"ancestorTitles":["Project Routes","POST /analyze-email"],"fullName":"Project Routes POST /analyze-email should analyze email text and return project fields","status":"passed","title":"should analyze email text and return project fields","duration":5.925699999555945,"failureMessages":[],"location":{"line":334,"column":5},"meta":{}},{"ancestorTitles":["Project Routes","POST /analyze-email"],"fullName":"Project Routes POST /analyze-email should handle empty email text","status":"passed","title":"should handle empty email text","duration":2.671400001272559,"failureMessages":[],"location":{"line":352,"column":5},"meta":{}}],"startTime":1730697209864,"endTime":1730697215011.6714,"status":"failed","message":"","name":"C:/Users/teasw/Documents/SAIT/Capstone/Capstone-byteBenders/backend/tests/projectRoutes.test.js"},{"assertionResults":[{"ancestorTitles":["Calendar Routes","GET /events"],"fullName":"Calendar Routes GET /events should return all events","status":"passed","title":"should return all events","duration":56.74870000034571,"failureMessages":[],"location":{"line":52,"column":5},"meta":{}},{"ancestorTitles":["Calendar Routes","GET /events"],"fullName":"Calendar Routes GET /events should return empty array when no events exist","status":"passed","title":"should return empty array when no events exist","duration":7.525800000876188,"failureMessages":[],"location":{"line":62,"column":5},"meta":{}},{"ancestorTitles":["Calendar Routes","GET /events"],"fullName":"Calendar Routes GET /events should handle empty calendar gracefully","status":"passed","title":"should handle empty calendar gracefully","duration":7.158399999141693,"failureMessages":[],"location":{"line":72,"column":5},"meta":{}},{"ancestorTitles":["Calendar Routes","GET /events"],"fullName":"Calendar Routes GET /events should handle server error when fetching events","status":"passed","title":"should handle server error when fetching events","duration":5.031299998983741,"failureMessages":[],"location":{"line":83,"column":5},"meta":{}},{"ancestorTitles":["Calendar Routes","GET /events/:id"],"fullName":"Calendar Routes GET /events/:id should return complete event details by id","status":"passed","title":"should return complete event details by id","duration":6.466899998486042,"failureMessages":[],"location":{"line":95,"column":5},"meta":{}},{"ancestorTitles":["Calendar Routes","GET /events/:id"],"fullName":"Calendar Routes GET /events/:id should return 404 when event not found","status":"passed","title":"should return 404 when event not found","duration":4.3434999994933605,"failureMessages":[],"location":{"line":111,"column":5},"meta":{}},{"ancestorTitles":["Calendar Routes","POST /events"],"fullName":"Calendar Routes POST /events should create new event with all fields","status":"passed","title":"should create new event with all fields","duration":18.897900000214577,"failureMessages":[],"location":{"line":123,"column":5},"meta":{}},{"ancestorTitles":["Calendar Routes","POST /events"],"fullName":"Calendar Routes POST /events should handle missing required fields","status":"failed","title":"should handle missing required fields","duration":11.033800000324845,"failureMessages":["AssertionError: expected 200 to be 500 // Object.is equality\n    at C:\\Users\\teasw\\Documents\\SAIT\\Capstone\\Capstone-byteBenders\\backend\\tests\\calendarRoutes.test.js:153:31\n    at processTicksAndRejections (node:internal/process/task_queues:105:5)\n    at file:///C:/Users/teasw/Documents/SAIT/Capstone/Capstone-byteBenders/backend/node_modules/@vitest/runner/dist/index.js:533:5\n    at runTest (file:///C:/Users/teasw/Documents/SAIT/Capstone/Capstone-byteBenders/backend/node_modules/@vitest/runner/dist/index.js:1048:11)\n    at runSuite (file:///C:/Users/teasw/Documents/SAIT/Capstone/Capstone-byteBenders/backend/node_modules/@vitest/runner/dist/index.js:1204:15)\n    at runSuite (file:///C:/Users/teasw/Documents/SAIT/Capstone/Capstone-byteBenders/backend/node_modules/@vitest/runner/dist/index.js:1204:15)\n    at runSuite (file:///C:/Users/teasw/Documents/SAIT/Capstone/Capstone-byteBenders/backend/node_modules/@vitest/runner/dist/index.js:1204:15)\n    at runFiles (file:///C:/Users/teasw/Documents/SAIT/Capstone/Capstone-byteBenders/backend/node_modules/@vitest/runner/dist/index.js:1261:5)\n    at startTests (file:///C:/Users/teasw/Documents/SAIT/Capstone/Capstone-byteBenders/backend/node_modules/@vitest/runner/dist/index.js:1270:3)\n    at file:///C:/Users/teasw/Documents/SAIT/Capstone/Capstone-byteBenders/backend/node_modules/vitest/dist/chunks/runBaseTests.Dm-659zB.js:126:11"],"location":{"line":145,"column":5},"meta":{}},{"ancestorTitles":["Calendar Routes","POST /events"],"fullName":"Calendar Routes POST /events should handle invalid date range","status":"failed","title":"should handle invalid date range","duration":7.729100000113249,"failureMessages":["AssertionError: expected 200 to be 500 // Object.is equality\n    at C:\\Users\\teasw\\Documents\\SAIT\\Capstone\\Capstone-byteBenders\\backend\\tests\\calendarRoutes.test.js:168:31\n    at processTicksAndRejections (node:internal/process/task_queues:105:5)\n    at file:///C:/Users/teasw/Documents/SAIT/Capstone/Capstone-byteBenders/backend/node_modules/@vitest/runner/dist/index.js:533:5\n    at runTest (file:///C:/Users/teasw/Documents/SAIT/Capstone/Capstone-byteBenders/backend/node_modules/@vitest/runner/dist/index.js:1048:11)\n    at runSuite (file:///C:/Users/teasw/Documents/SAIT/Capstone/Capstone-byteBenders/backend/node_modules/@vitest/runner/dist/index.js:1204:15)\n    at runSuite (file:///C:/Users/teasw/Documents/SAIT/Capstone/Capstone-byteBenders/backend/node_modules/@vitest/runner/dist/index.js:1204:15)\n    at runSuite (file:///C:/Users/teasw/Documents/SAIT/Capstone/Capstone-byteBenders/backend/node_modules/@vitest/runner/dist/index.js:1204:15)\n    at runFiles (file:///C:/Users/teasw/Documents/SAIT/Capstone/Capstone-byteBenders/backend/node_modules/@vitest/runner/dist/index.js:1261:5)\n    at startTests (file:///C:/Users/teasw/Documents/SAIT/Capstone/Capstone-byteBenders/backend/node_modules/@vitest/runner/dist/index.js:1270:3)\n    at file:///C:/Users/teasw/Documents/SAIT/Capstone/Capstone-byteBenders/backend/node_modules/vitest/dist/chunks/runBaseTests.Dm-659zB.js:126:11"],"location":{"line":158,"column":5},"meta":{}},{"ancestorTitles":["Calendar Routes","POST /events"],"fullName":"Calendar Routes POST /events should handle event with large number of participants","status":"passed","title":"should handle event with large number of participants","duration":5.276300000026822,"failureMessages":[],"location":{"line":173,"column":5},"meta":{}},{"ancestorTitles":["Calendar Routes","PUT /events/:id"],"fullName":"Calendar Routes PUT /events/:id should update event title","status":"passed","title":"should update event title","duration":4.20160000026226,"failureMessages":[],"location":{"line":196,"column":5},"meta":{}},{"ancestorTitles":["Calendar Routes","PUT /events/:id"],"fullName":"Calendar Routes PUT /events/:id should return 404 when updating non-existent event","status":"failed","title":"should return 404 when updating non-existent event","duration":6.423499999567866,"failureMessages":["AssertionError: expected 500 to be 404 // Object.is equality\n    at C:\\Users\\teasw\\Documents\\SAIT\\Capstone\\Capstone-byteBenders\\backend\\tests\\calendarRoutes.test.js:223:31\n    at processTicksAndRejections (node:internal/process/task_queues:105:5)\n    at file:///C:/Users/teasw/Documents/SAIT/Capstone/Capstone-byteBenders/backend/node_modules/@vitest/runner/dist/index.js:533:5\n    at runTest (file:///C:/Users/teasw/Documents/SAIT/Capstone/Capstone-byteBenders/backend/node_modules/@vitest/runner/dist/index.js:1048:11)\n    at runSuite (file:///C:/Users/teasw/Documents/SAIT/Capstone/Capstone-byteBenders/backend/node_modules/@vitest/runner/dist/index.js:1204:15)\n    at runSuite (file:///C:/Users/teasw/Documents/SAIT/Capstone/Capstone-byteBenders/backend/node_modules/@vitest/runner/dist/index.js:1204:15)\n    at runSuite (file:///C:/Users/teasw/Documents/SAIT/Capstone/Capstone-byteBenders/backend/node_modules/@vitest/runner/dist/index.js:1204:15)\n    at runFiles (file:///C:/Users/teasw/Documents/SAIT/Capstone/Capstone-byteBenders/backend/node_modules/@vitest/runner/dist/index.js:1261:5)\n    at startTests (file:///C:/Users/teasw/Documents/SAIT/Capstone/Capstone-byteBenders/backend/node_modules/@vitest/runner/dist/index.js:1270:3)\n    at file:///C:/Users/teasw/Documents/SAIT/Capstone/Capstone-byteBenders/backend/node_modules/vitest/dist/chunks/runBaseTests.Dm-659zB.js:126:11"],"location":{"line":216,"column":5},"meta":{}},{"ancestorTitles":["Calendar Routes","DELETE /events/:id"],"fullName":"Calendar Routes DELETE /events/:id should delete existing event","status":"passed","title":"should delete existing event","duration":6.74269999936223,"failureMessages":[],"location":{"line":230,"column":5},"meta":{}},{"ancestorTitles":["Calendar Routes","DELETE /events/:id"],"fullName":"Calendar Routes DELETE /events/:id should return 404 when deleting non-existent event","status":"failed","title":"should return 404 when deleting non-existent event","duration":5.005800001323223,"failureMessages":["AssertionError: expected 500 to be 404 // Object.is equality\n    at C:\\Users\\teasw\\Documents\\SAIT\\Capstone\\Capstone-byteBenders\\backend\\tests\\calendarRoutes.test.js:245:31\n    at processTicksAndRejections (node:internal/process/task_queues:105:5)\n    at file:///C:/Users/teasw/Documents/SAIT/Capstone/Capstone-byteBenders/backend/node_modules/@vitest/runner/dist/index.js:533:5\n    at runTest (file:///C:/Users/teasw/Documents/SAIT/Capstone/Capstone-byteBenders/backend/node_modules/@vitest/runner/dist/index.js:1048:11)\n    at runSuite (file:///C:/Users/teasw/Documents/SAIT/Capstone/Capstone-byteBenders/backend/node_modules/@vitest/runner/dist/index.js:1204:15)\n    at runSuite (file:///C:/Users/teasw/Documents/SAIT/Capstone/Capstone-byteBenders/backend/node_modules/@vitest/runner/dist/index.js:1204:15)\n    at runSuite (file:///C:/Users/teasw/Documents/SAIT/Capstone/Capstone-byteBenders/backend/node_modules/@vitest/runner/dist/index.js:1204:15)\n    at runFiles (file:///C:/Users/teasw/Documents/SAIT/Capstone/Capstone-byteBenders/backend/node_modules/@vitest/runner/dist/index.js:1261:5)\n    at startTests (file:///C:/Users/teasw/Documents/SAIT/Capstone/Capstone-byteBenders/backend/node_modules/@vitest/runner/dist/index.js:1270:3)\n    at file:///C:/Users/teasw/Documents/SAIT/Capstone/Capstone-byteBenders/backend/node_modules/vitest/dist/chunks/runBaseTests.Dm-659zB.js:126:11"],"location":{"line":240,"column":5},"meta":{}},{"ancestorTitles":["Calendar Routes","GET /events/range"],"fullName":"Calendar Routes GET /events/range should return events within date range","status":"failed","title":"should return events within date range","duration":8.29590000025928,"failureMessages":["AssertionError: expected 500 to be 200 // Object.is equality\n    at C:\\Users\\teasw\\Documents\\SAIT\\Capstone\\Capstone-byteBenders\\backend\\tests\\calendarRoutes.test.js:261:31\n    at processTicksAndRejections (node:internal/process/task_queues:105:5)\n    at file:///C:/Users/teasw/Documents/SAIT/Capstone/Capstone-byteBenders/backend/node_modules/@vitest/runner/dist/index.js:533:5\n    at runTest (file:///C:/Users/teasw/Documents/SAIT/Capstone/Capstone-byteBenders/backend/node_modules/@vitest/runner/dist/index.js:1048:11)\n    at runSuite (file:///C:/Users/teasw/Documents/SAIT/Capstone/Capstone-byteBenders/backend/node_modules/@vitest/runner/dist/index.js:1204:15)\n    at runSuite (file:///C:/Users/teasw/Documents/SAIT/Capstone/Capstone-byteBenders/backend/node_modules/@vitest/runner/dist/index.js:1204:15)\n    at runSuite (file:///C:/Users/teasw/Documents/SAIT/Capstone/Capstone-byteBenders/backend/node_modules/@vitest/runner/dist/index.js:1204:15)\n    at runFiles (file:///C:/Users/teasw/Documents/SAIT/Capstone/Capstone-byteBenders/backend/node_modules/@vitest/runner/dist/index.js:1261:5)\n    at startTests (file:///C:/Users/teasw/Documents/SAIT/Capstone/Capstone-byteBenders/backend/node_modules/@vitest/runner/dist/index.js:1270:3)\n    at file:///C:/Users/teasw/Documents/SAIT/Capstone/Capstone-byteBenders/backend/node_modules/vitest/dist/chunks/runBaseTests.Dm-659zB.js:126:11"],"location":{"line":252,"column":5},"meta":{}},{"ancestorTitles":["Calendar Routes","GET /events/range"],"fullName":"Calendar Routes GET /events/range should handle empty date range","status":"failed","title":"should handle empty date range","duration":5.01240000128746,"failureMessages":["AssertionError: expected 500 to be 200 // Object.is equality\n    at C:\\Users\\teasw\\Documents\\SAIT\\Capstone\\Capstone-byteBenders\\backend\\tests\\calendarRoutes.test.js:274:31\n    at processTicksAndRejections (node:internal/process/task_queues:105:5)\n    at file:///C:/Users/teasw/Documents/SAIT/Capstone/Capstone-byteBenders/backend/node_modules/@vitest/runner/dist/index.js:533:5\n    at runTest (file:///C:/Users/teasw/Documents/SAIT/Capstone/Capstone-byteBenders/backend/node_modules/@vitest/runner/dist/index.js:1048:11)\n    at runSuite (file:///C:/Users/teasw/Documents/SAIT/Capstone/Capstone-byteBenders/backend/node_modules/@vitest/runner/dist/index.js:1204:15)\n    at runSuite (file:///C:/Users/teasw/Documents/SAIT/Capstone/Capstone-byteBenders/backend/node_modules/@vitest/runner/dist/index.js:1204:15)\n    at runSuite (file:///C:/Users/teasw/Documents/SAIT/Capstone/Capstone-byteBenders/backend/node_modules/@vitest/runner/dist/index.js:1204:15)\n    at runFiles (file:///C:/Users/teasw/Documents/SAIT/Capstone/Capstone-byteBenders/backend/node_modules/@vitest/runner/dist/index.js:1261:5)\n    at startTests (file:///C:/Users/teasw/Documents/SAIT/Capstone/Capstone-byteBenders/backend/node_modules/@vitest/runner/dist/index.js:1270:3)\n    at file:///C:/Users/teasw/Documents/SAIT/Capstone/Capstone-byteBenders/backend/node_modules/vitest/dist/chunks/runBaseTests.Dm-659zB.js:126:11"],"location":{"line":266,"column":5},"meta":{}},{"ancestorTitles":["Calendar Routes","GET /events/participant/:email"],"fullName":"Calendar Routes GET /events/participant/:email should return events for specific participant","status":"passed","title":"should return events for specific participant","duration":5.026300000026822,"failureMessages":[],"location":{"line":281,"column":5},"meta":{}},{"ancestorTitles":["Calendar Routes","GET /events/participant/:email"],"fullName":"Calendar Routes GET /events/participant/:email should return empty array when participant has no events","status":"passed","title":"should return empty array when participant has no events","duration":4.217699998989701,"failureMessages":[],"location":{"line":294,"column":5},"meta":{}},{"ancestorTitles":["Calendar Routes","Authentication"],"fullName":"Calendar Routes Authentication should handle unauthorized access","status":"failed","title":"should handle unauthorized access","duration":3.163299998268485,"failureMessages":["AssertionError: expected 200 to be 401 // Object.is equality\n    at C:\\Users\\teasw\\Documents\\SAIT\\Capstone\\Capstone-byteBenders\\backend\\tests\\calendarRoutes.test.js:317:31\n    at processTicksAndRejections (node:internal/process/task_queues:105:5)\n    at file:///C:/Users/teasw/Documents/SAIT/Capstone/Capstone-byteBenders/backend/node_modules/@vitest/runner/dist/index.js:533:5\n    at runTest (file:///C:/Users/teasw/Documents/SAIT/Capstone/Capstone-byteBenders/backend/node_modules/@vitest/runner/dist/index.js:1048:11)\n    at runSuite (file:///C:/Users/teasw/Documents/SAIT/Capstone/Capstone-byteBenders/backend/node_modules/@vitest/runner/dist/index.js:1204:15)\n    at runSuite (file:///C:/Users/teasw/Documents/SAIT/Capstone/Capstone-byteBenders/backend/node_modules/@vitest/runner/dist/index.js:1204:15)\n    at runSuite (file:///C:/Users/teasw/Documents/SAIT/Capstone/Capstone-byteBenders/backend/node_modules/@vitest/runner/dist/index.js:1204:15)\n    at runFiles (file:///C:/Users/teasw/Documents/SAIT/Capstone/Capstone-byteBenders/backend/node_modules/@vitest/runner/dist/index.js:1261:5)\n    at startTests (file:///C:/Users/teasw/Documents/SAIT/Capstone/Capstone-byteBenders/backend/node_modules/@vitest/runner/dist/index.js:1270:3)\n    at file:///C:/Users/teasw/Documents/SAIT/Capstone/Capstone-byteBenders/backend/node_modules/vitest/dist/chunks/runBaseTests.Dm-659zB.js:126:11"],"location":{"line":308,"column":5},"meta":{}}],"startTime":1730697209842,"endTime":1730697210023.1633,"status":"failed","message":"","name":"C:/Users/teasw/Documents/SAIT/Capstone/Capstone-byteBenders/backend/tests/calendarRoutes.test.js"},{"assertionResults":[{"ancestorTitles":["User Routes","POST /users (Registration)"],"fullName":"User Routes POST /users (Registration) API-05P: should register a new user successfully","status":"passed","title":"API-05P: should register a new user successfully","duration":54.6625999994576,"failureMessages":[],"location":{"line":70,"column":5},"meta":{}},{"ancestorTitles":["User Routes","POST /users (Registration)"],"fullName":"User Routes POST /users (Registration) API-05N1: should return 409 if email is already taken","status":"passed","title":"API-05N1: should return 409 if email is already taken","duration":7.1949000004678965,"failureMessages":[],"location":{"line":99,"column":5},"meta":{}},{"ancestorTitles":["User Routes","POST /users (Registration)"],"fullName":"User Routes POST /users (Registration) API-05E1: should handle database connection failure","status":"passed","title":"API-05E1: should handle database connection failure","duration":6.6962000001221895,"failureMessages":[],"location":{"line":113,"column":5},"meta":{}},{"ancestorTitles":["User Routes","POST /users (Registration)"],"fullName":"User Routes POST /users (Registration) API-05E2: should handle database insertion failure","status":"passed","title":"API-05E2: should handle database insertion failure","duration":5.653199998661876,"failureMessages":[],"location":{"line":125,"column":5},"meta":{}},{"ancestorTitles":["User Routes","POST /users (Registration)"],"fullName":"User Routes POST /users (Registration) API-05E3: should handle bcrypt hashing failure","status":"passed","title":"API-05E3: should handle bcrypt hashing failure","duration":5.3382000010460615,"failureMessages":[],"location":{"line":144,"column":5},"meta":{}},{"ancestorTitles":["User Routes","POST /users (Registration)"],"fullName":"User Routes POST /users (Registration) API-05N2: should handle missing auth token","status":"passed","title":"API-05N2: should handle missing auth token","duration":3.8241999987512827,"failureMessages":[],"location":{"line":160,"column":5},"meta":{}},{"ancestorTitles":["User Routes","POST /users/login"],"fullName":"User Routes POST /users/login API-09P: should login successfully with valid credentials","status":"passed","title":"API-09P: should login successfully with valid credentials","duration":4.291199998930097,"failureMessages":[],"location":{"line":181,"column":5},"meta":{}},{"ancestorTitles":["User Routes","POST /users/login"],"fullName":"User Routes POST /users/login API-09N1: should return error for non-existent user","status":"passed","title":"API-09N1: should return error for non-existent user","duration":4.502899998798966,"failureMessages":[],"location":{"line":206,"column":5},"meta":{}},{"ancestorTitles":["User Routes","POST /users/login"],"fullName":"User Routes POST /users/login API-09N2: should return error for incorrect password","status":"passed","title":"API-09N2: should return error for incorrect password","duration":8.002100000157952,"failureMessages":[],"location":{"line":223,"column":5},"meta":{}},{"ancestorTitles":["User Routes","POST /users/login"],"fullName":"User Routes POST /users/login API-9N3: should handle malformed token generation","status":"failed","title":"API-9N3: should handle malformed token generation","duration":5002.877400001511,"failureMessages":["Error: Test timed out in 5000ms.\nIf this is a long-running test, pass a timeout value as the last argument or configure it globally with \"testTimeout\".\n    at Timeout.<anonymous> (file:///C:/Users/teasw/Documents/SAIT/Capstone/Capstone-byteBenders/backend/node_modules/@vitest/runner/dist/index.js:44:18)\n    at listOnTimeout (node:internal/timers:594:17)\n    at processTimers (node:internal/timers:529:7)"],"location":{"line":245,"column":5},"meta":{}}],"startTime":1730697209872,"endTime":1730697214976.8774,"status":"failed","message":"","name":"C:/Users/teasw/Documents/SAIT/Capstone/Capstone-byteBenders/backend/tests/userRoutes.test.js"},{"assertionResults":[{"ancestorTitles":["Note Routes","GET /notes"],"fullName":"Note Routes GET /notes should return all notes","status":"passed","title":"should return all notes","duration":63.81849999912083,"failureMessages":[],"location":{"line":65,"column":5},"meta":{}},{"ancestorTitles":["Note Routes","GET /notes"],"fullName":"Note Routes GET /notes should return 404 when no notes exist","status":"passed","title":"should return 404 when no notes exist","duration":8.082599999383092,"failureMessages":[],"location":{"line":73,"column":5},"meta":{}},{"ancestorTitles":["Note Routes","POST /notes"],"fullName":"Note Routes POST /notes Test id: NM001-P, should create new note","status":"passed","title":"Test id: NM001-P, should create new note","duration":21.61380000039935,"failureMessages":[],"location":{"line":84,"column":5},"meta":{}},{"ancestorTitles":["Note Routes","POST /notes"],"fullName":"Note Routes POST /notes Test id: NM001-N, should reject empty note","status":"failed","title":"Test id: NM001-N, should reject empty note","duration":12.278300000354648,"failureMessages":["AssertionError: expected 200 to be 400 // Object.is equality\n    at C:\\Users\\teasw\\Documents\\SAIT\\Capstone\\Capstone-byteBenders\\backend\\tests\\noteRoutes.test.js:117:31\n    at processTicksAndRejections (node:internal/process/task_queues:105:5)\n    at file:///C:/Users/teasw/Documents/SAIT/Capstone/Capstone-byteBenders/backend/node_modules/@vitest/runner/dist/index.js:533:5\n    at runTest (file:///C:/Users/teasw/Documents/SAIT/Capstone/Capstone-byteBenders/backend/node_modules/@vitest/runner/dist/index.js:1048:11)\n    at runSuite (file:///C:/Users/teasw/Documents/SAIT/Capstone/Capstone-byteBenders/backend/node_modules/@vitest/runner/dist/index.js:1204:15)\n    at runSuite (file:///C:/Users/teasw/Documents/SAIT/Capstone/Capstone-byteBenders/backend/node_modules/@vitest/runner/dist/index.js:1204:15)\n    at runSuite (file:///C:/Users/teasw/Documents/SAIT/Capstone/Capstone-byteBenders/backend/node_modules/@vitest/runner/dist/index.js:1204:15)\n    at runFiles (file:///C:/Users/teasw/Documents/SAIT/Capstone/Capstone-byteBenders/backend/node_modules/@vitest/runner/dist/index.js:1261:5)\n    at startTests (file:///C:/Users/teasw/Documents/SAIT/Capstone/Capstone-byteBenders/backend/node_modules/@vitest/runner/dist/index.js:1270:3)\n    at file:///C:/Users/teasw/Documents/SAIT/Capstone/Capstone-byteBenders/backend/node_modules/vitest/dist/chunks/runBaseTests.Dm-659zB.js:126:11"],"location":{"line":103,"column":5},"meta":{}},{"ancestorTitles":["Note Routes","POST /notes"],"fullName":"Note Routes POST /notes Test id: NM001-E, should reject note with content exceeding maximum length","status":"failed","title":"Test id: NM001-E, should reject note with content exceeding maximum length","duration":10.035700000822544,"failureMessages":["AssertionError: expected 200 to be 400 // Object.is equality\n    at C:\\Users\\teasw\\Documents\\SAIT\\Capstone\\Capstone-byteBenders\\backend\\tests\\noteRoutes.test.js:137:31\n    at processTicksAndRejections (node:internal/process/task_queues:105:5)\n    at file:///C:/Users/teasw/Documents/SAIT/Capstone/Capstone-byteBenders/backend/node_modules/@vitest/runner/dist/index.js:533:5\n    at runTest (file:///C:/Users/teasw/Documents/SAIT/Capstone/Capstone-byteBenders/backend/node_modules/@vitest/runner/dist/index.js:1048:11)\n    at runSuite (file:///C:/Users/teasw/Documents/SAIT/Capstone/Capstone-byteBenders/backend/node_modules/@vitest/runner/dist/index.js:1204:15)\n    at runSuite (file:///C:/Users/teasw/Documents/SAIT/Capstone/Capstone-byteBenders/backend/node_modules/@vitest/runner/dist/index.js:1204:15)\n    at runSuite (file:///C:/Users/teasw/Documents/SAIT/Capstone/Capstone-byteBenders/backend/node_modules/@vitest/runner/dist/index.js:1204:15)\n    at runFiles (file:///C:/Users/teasw/Documents/SAIT/Capstone/Capstone-byteBenders/backend/node_modules/@vitest/runner/dist/index.js:1261:5)\n    at startTests (file:///C:/Users/teasw/Documents/SAIT/Capstone/Capstone-byteBenders/backend/node_modules/@vitest/runner/dist/index.js:1270:3)\n    at file:///C:/Users/teasw/Documents/SAIT/Capstone/Capstone-byteBenders/backend/node_modules/vitest/dist/chunks/runBaseTests.Dm-659zB.js:126:11"],"location":{"line":123,"column":5},"meta":{}},{"ancestorTitles":["Note Routes","PUT /notes/:id"],"fullName":"Note Routes PUT /notes/:id should update existing note","status":"passed","title":"should update existing note","duration":5.592499999329448,"failureMessages":[],"location":{"line":145,"column":5},"meta":{}},{"ancestorTitles":["Note Routes","PUT /notes/:id"],"fullName":"Note Routes PUT /notes/:id should return 404 when note not found","status":"passed","title":"should return 404 when note not found","duration":4.962100001052022,"failureMessages":[],"location":{"line":158,"column":5},"meta":{}},{"ancestorTitles":["Note Routes","DELETE /notes/:id"],"fullName":"Note Routes DELETE /notes/:id Test id: NM003-P,should delete existing note","status":"passed","title":"Test id: NM003-P,should delete existing note","duration":4.692500000819564,"failureMessages":[],"location":{"line":174,"column":5},"meta":{}},{"ancestorTitles":["Note Routes","DELETE /notes/:id"],"fullName":"Note Routes DELETE /notes/:id should return 404 when note not found","status":"passed","title":"should return 404 when note not found","duration":7.329900000244379,"failureMessages":[],"location":{"line":183,"column":5},"meta":{}}],"startTime":1730697209827,"endTime":1730697209966.3298,"status":"failed","message":"","name":"C:/Users/teasw/Documents/SAIT/Capstone/Capstone-byteBenders/backend/tests/noteRoutes.test.js"},{"assertionResults":[{"ancestorTitles":["Task Routes","GET /tasks"],"fullName":"Task Routes GET /tasks should return all tasks","status":"passed","title":"should return all tasks","duration":71.46980000000076,"failureMessages":[],"location":{"line":73,"column":5},"meta":{}},{"ancestorTitles":["Task Routes","GET /tasks/:id"],"fullName":"Task Routes GET /tasks/:id should return single task by id","status":"passed","title":"should return single task by id","duration":15.071400000000722,"failureMessages":[],"location":{"line":83,"column":5},"meta":{}},{"ancestorTitles":["Task Routes","GET /tasks/:id"],"fullName":"Task Routes GET /tasks/:id should return 404 when task not found","status":"passed","title":"should return 404 when task not found","duration":7.725900000001275,"failureMessages":[],"location":{"line":92,"column":5},"meta":{}},{"ancestorTitles":["Task Routes","POST /tasks"],"fullName":"Task Routes POST /tasks Test id: ADT01-P,should create new task","status":"passed","title":"Test id: ADT01-P,should create new task","duration":25.540999999999258,"failureMessages":[],"location":{"line":106,"column":5},"meta":{}},{"ancestorTitles":["Task Routes","POST /tasks"],"fullName":"Task Routes POST /tasks Test id: ADT03-N, should return error when task name already exists","status":"failed","title":"Test id: ADT03-N, should return error when task name already exists","duration":12.74159999999938,"failureMessages":["AssertionError: expected 200 to be 400 // Object.is equality\n    at C:\\Users\\teasw\\Documents\\SAIT\\Capstone\\Capstone-byteBenders\\backend\\tests\\taskRoutes.test.js:135:31\n    at processTicksAndRejections (node:internal/process/task_queues:105:5)\n    at file:///C:/Users/teasw/Documents/SAIT/Capstone/Capstone-byteBenders/backend/node_modules/@vitest/runner/dist/index.js:533:5\n    at runTest (file:///C:/Users/teasw/Documents/SAIT/Capstone/Capstone-byteBenders/backend/node_modules/@vitest/runner/dist/index.js:1048:11)\n    at runSuite (file:///C:/Users/teasw/Documents/SAIT/Capstone/Capstone-byteBenders/backend/node_modules/@vitest/runner/dist/index.js:1204:15)\n    at runSuite (file:///C:/Users/teasw/Documents/SAIT/Capstone/Capstone-byteBenders/backend/node_modules/@vitest/runner/dist/index.js:1204:15)\n    at runSuite (file:///C:/Users/teasw/Documents/SAIT/Capstone/Capstone-byteBenders/backend/node_modules/@vitest/runner/dist/index.js:1204:15)\n    at runFiles (file:///C:/Users/teasw/Documents/SAIT/Capstone/Capstone-byteBenders/backend/node_modules/@vitest/runner/dist/index.js:1261:5)\n    at startTests (file:///C:/Users/teasw/Documents/SAIT/Capstone/Capstone-byteBenders/backend/node_modules/@vitest/runner/dist/index.js:1270:3)\n    at file:///C:/Users/teasw/Documents/SAIT/Capstone/Capstone-byteBenders/backend/node_modules/vitest/dist/chunks/runBaseTests.Dm-659zB.js:126:11"],"location":{"line":123,"column":5},"meta":{}},{"ancestorTitles":["Task Routes","PUT /tasks/:id"],"fullName":"Task Routes PUT /tasks/:id should update existing task","status":"passed","title":"should update existing task","duration":6.475699999999051,"failureMessages":[],"location":{"line":141,"column":5},"meta":{}},{"ancestorTitles":["Task Routes","DELETE /tasks/:id"],"fullName":"Task Routes DELETE /tasks/:id should delete existing task","status":"passed","title":"should delete existing task","duration":5.9438999999983935,"failureMessages":[],"location":{"line":153,"column":5},"meta":{}}],"startTime":1730697209797,"endTime":1730697209942.9438,"status":"failed","message":"","name":"C:/Users/teasw/Documents/SAIT/Capstone/Capstone-byteBenders/backend/tests/taskRoutes.test.js"}]}